0 info it worked if it ends with ok
1 verbose cli [ '/usr/local/Cellar/node/7.5.0/bin/node',
1 verbose cli   '/usr/local/bin/npm',
1 verbose cli   'install',
1 verbose cli   'jshint/src/cli' ]
2 info using npm@4.1.2
3 info using node@v7.5.0
4 silly loadCurrentTree Starting
5 silly install loadCurrentTree
6 silly install readLocalPackageData
7 silly fetchPackageMetaData jshint/src/cli
8 silly fetchOtherPackageData jshint/src/cli
9 silly cache add args [ 'jshint/src/cli', null ]
10 verbose cache add spec jshint/src/cli
11 silly cache add parsed spec Result {
11 silly cache add   raw: 'jshint/src/cli',
11 silly cache add   scope: null,
11 silly cache add   escapedName: null,
11 silly cache add   name: null,
11 silly cache add   rawSpec: 'jshint/src/cli',
11 silly cache add   spec: '/Users/Tyler/Sites/tcal/wp-content/themes/interest/jshint/src/cli',
11 silly cache add   type: 'local' }
12 error addLocal Could not install /Users/Tyler/Sites/tcal/wp-content/themes/interest/jshint/src/cli
13 silly fetchPackageMetaData Error: ENOENT: no such file or directory, open '/Users/Tyler/Sites/tcal/wp-content/themes/interest/jshint/src/cli'
13 silly fetchPackageMetaData  error for jshint/src/cli { Error: ENOENT: no such file or directory, open '/Users/Tyler/Sites/tcal/wp-content/themes/interest/jshint/src/cli'
13 silly fetchPackageMetaData   errno: -2,
13 silly fetchPackageMetaData   code: 'ENOENT',
13 silly fetchPackageMetaData   syscall: 'open',
13 silly fetchPackageMetaData   path: '/Users/Tyler/Sites/tcal/wp-content/themes/interest/jshint/src/cli' }
14 silly rollbackFailedOptional Starting
15 silly rollbackFailedOptional Finishing
16 silly runTopLevelLifecycles Finishing
17 silly install printInstalled
18 verbose stack Error: ENOENT: no such file or directory, open '/Users/Tyler/Sites/tcal/wp-content/themes/interest/jshint/src/cli'
19 verbose cwd /Users/Tyler/Sites/tcal/wp-content/themes/interest
20 error Darwin 16.4.0
21 error argv "/usr/local/Cellar/node/7.5.0/bin/node" "/usr/local/bin/npm" "install" "jshint/src/cli"
22 error node v7.5.0
23 error npm  v4.1.2
24 error path /Users/Tyler/Sites/tcal/wp-content/themes/interest/jshint/src/cli
25 error code ENOENT
26 error errno -2
27 error syscall open
28 error enoent ENOENT: no such file or directory, open '/Users/Tyler/Sites/tcal/wp-content/themes/interest/jshint/src/cli'
29 error enoent ENOENT: no such file or directory, open '/Users/Tyler/Sites/tcal/wp-content/themes/interest/jshint/src/cli'
29 error enoent This is most likely not a problem with npm itself
29 error enoent and is related to npm not being able to find a file.
30 verbose exit [ -2, true ]
